This is XeTeX, Version 3.14159265-2.6-0.99998 (TeX Live 2017/W32TeX) (preloaded format=xelatex 2017.10.10)  16 OCT 2017 19:40
entering extended mode
 restricted \write18 enabled.
 file:line:error style messages enabled.
 %&-line parsing enabled.
**e:/Documents/latex/Chinese_Notes/LeNote/sample/lenote.tex
(e:/Documents/latex/Chinese_Notes/LeNote/sample/lenote.tex
LaTeX2e <2017-04-15>
Babel <3.14> and hyphenation patterns for 84 language(s) loaded.

! LaTeX Error: File `lenote.cls' not found.

Type X to quit or <RETURN> to proceed,
or enter new name. (Default extension: cls)

Enter file name: 
e:/Documents/latex/Chinese_Notes/LeNote/sample/lenote.tex:2: Emergency stop.
<read *> 
         
l.2 \begin
          {document}^^M
*** (cannot \read from terminal in nonstop modes)

 
Here is how much of TeX's memory you used:
 9 strings out of 492994
 224 string characters out of 6137807
 61708 words of memory out of 5000000
 4091 multiletter control sequences out of 15000+600000
 3640 words of font info for 14 fonts, out of 8000000 for 9000
 1348 hyphenation exceptions out of 8191
 10i,0n,7p,92b,8s stack positions out of 5000i,500n,10000p,200000b,80000s
No pages of output.
